2024-01-24 18:38:40,619 [Worker-7: Loading available Gradle versions] INFO  o.e.b.c.i.u.g.PublishedGradleVersions - Gradle version information cache is out-of-date. Trying to update.
2024-01-25 11:56:02,974 [Worker-23: Building] INFO  o.e.m.c.i.l.LifecycleMappingFactory - Using org.eclipse.m2e.jdt.JarLifecycleMapping lifecycle mapping for MavenProject: com.apigateway:apigateway:0.0.1-SNAPSHOT @ C:\Users\waghm\Documents\mservices\apigateway\pom.xml.
2024-01-25 11:56:04,940 [Worker-23: Building] INFO  o.a.m.s.f.DefaultMavenResourcesFiltering - Copying 2 resources
2024-01-25 11:56:04,956 [Worker-23: Building] INFO  o.a.m.s.f.DefaultMavenResourcesFiltering - Copying 0 resource
2024-01-25 11:56:04,960 [Worker-23: Building] INFO  o.a.m.s.f.DefaultMavenResourcesFiltering - skip non existing resourceDirectory C:\Users\waghm\Documents\mservices\apigateway\src\test\resources
2024-01-25 11:56:05,354 [Worker-23: Building] INFO  o.e.m.c.i.l.LifecycleMappingFactory - Using org.eclipse.m2e.jdt.JarLifecycleMapping lifecycle mapping for MavenProject: com.contact:contact_service:0.0.1-SNAPSHOT @ C:\Users\waghm\Documents\mservices\contact_service\pom.xml.
2024-01-25 11:56:08,422 [Worker-23: Building] INFO  o.a.m.s.f.DefaultMavenResourcesFiltering - Copying 2 resources
2024-01-25 11:56:08,504 [Worker-23: Building] INFO  o.a.m.s.f.DefaultMavenResourcesFiltering - Copying 0 resource
2024-01-25 11:56:08,507 [Worker-23: Building] INFO  o.a.m.s.f.DefaultMavenResourcesFiltering - skip non existing resourceDirectory C:\Users\waghm\Documents\mservices\contact_service\src\test\resources
2024-01-25 11:56:08,585 [Worker-14: Updating Maven Dependencies] INFO  o.e.m.c.i.l.LifecycleMappingFactory - Using org.eclipse.m2e.jdt.JarLifecycleMapping lifecycle mapping for MavenProject: com.contact:contact_service:0.0.1-SNAPSHOT @ C:\Users\waghm\Documents\mservices\contact_service\pom.xml.
2024-01-25 11:56:08,857 [Worker-23: Building] INFO  o.e.m.c.i.l.LifecycleMappingFactory - Using org.eclipse.m2e.jdt.JarLifecycleMapping lifecycle mapping for MavenProject: com.eserver:e_server:0.0.1-SNAPSHOT @ C:\Users\waghm\Documents\mservices\e_server\pom.xml.
2024-01-25 11:56:09,832 [Worker-23: Building] INFO  o.a.m.s.f.DefaultMavenResourcesFiltering - Copying 2 resources
2024-01-25 11:56:09,848 [Worker-23: Building] INFO  o.a.m.s.f.DefaultMavenResourcesFiltering - Copying 0 resource
2024-01-25 11:56:09,853 [Worker-23: Building] INFO  o.a.m.s.f.DefaultMavenResourcesFiltering - skip non existing resourceDirectory C:\Users\waghm\Documents\mservices\e_server\src\test\resources
2024-01-25 11:56:10,098 [Worker-23: Building] INFO  o.e.m.c.i.l.LifecycleMappingFactory - Using org.eclipse.m2e.jdt.JarLifecycleMapping lifecycle mapping for MavenProject: com.user:user_service:0.0.1-SNAPSHOT @ C:\Users\waghm\Documents\mservices\user_service\pom.xml.
2024-01-25 11:56:10,629 [Worker-23: Building] INFO  o.a.m.s.f.DefaultMavenResourcesFiltering - Copying 2 resources
2024-01-25 11:56:10,639 [Worker-23: Building] INFO  o.a.m.s.f.DefaultMavenResourcesFiltering - Copying 0 resource
2024-01-25 11:56:10,643 [Worker-23: Building] INFO  o.a.m.s.f.DefaultMavenResourcesFiltering - skip non existing resourceDirectory C:\Users\waghm\Documents\mservices\user_service\src\test\resources
2024-01-25 11:56:11,427 [Worker-16: Updating Maven Dependencies] INFO  o.e.m.c.i.l.LifecycleMappingFactory - Using org.eclipse.m2e.jdt.JarLifecycleMapping lifecycle mapping for MavenProject: com.contact:contact_service:0.0.1-SNAPSHOT @ C:\Users\waghm\Documents\mservices\contact_service\pom.xml.
2024-01-25 11:56:11,652 [Worker-16: Updating Maven Dependencies] INFO  o.e.m.c.i.l.LifecycleMappingFactory - Using org.eclipse.m2e.jdt.JarLifecycleMapping lifecycle mapping for MavenProject: com.eserver:e_server:0.0.1-SNAPSHOT @ C:\Users\waghm\Documents\mservices\e_server\pom.xml.
2024-01-25 11:56:11,802 [Worker-16: Updating Maven Dependencies] INFO  o.e.m.c.i.l.LifecycleMappingFactory - Using org.eclipse.m2e.jdt.JarLifecycleMapping lifecycle mapping for MavenProject: com.user:user_service:0.0.1-SNAPSHOT @ C:\Users\waghm\Documents\mservices\user_service\pom.xml.
2024-01-25 11:56:13,289 [Worker-30: Building] INFO  o.a.m.s.f.DefaultMavenResourcesFiltering - Copying 2 resources
2024-01-25 11:56:13,296 [Worker-30: Building] INFO  o.a.m.s.f.DefaultMavenResourcesFiltering - Copying 0 resource
2024-01-25 11:56:13,302 [Worker-30: Building] INFO  o.a.m.s.f.DefaultMavenResourcesFiltering - skip non existing resourceDirectory C:\Users\waghm\Documents\mservices\apigateway\src\test\resources
2024-01-25 11:56:14,134 [Worker-30: Building] INFO  o.a.m.s.f.DefaultMavenResourcesFiltering - Copying 2 resources
2024-01-25 11:56:14,157 [Worker-30: Building] INFO  o.a.m.s.f.DefaultMavenResourcesFiltering - Copying 0 resource
2024-01-25 11:56:14,166 [Worker-30: Building] INFO  o.a.m.s.f.DefaultMavenResourcesFiltering - skip non existing resourceDirectory C:\Users\waghm\Documents\mservices\contact_service\src\test\resources
2024-01-25 11:56:14,842 [Worker-30: Building] INFO  o.a.m.s.f.DefaultMavenResourcesFiltering - Copying 2 resources
2024-01-25 11:56:14,884 [Worker-30: Building] INFO  o.a.m.s.f.DefaultMavenResourcesFiltering - Copying 0 resource
2024-01-25 11:56:14,892 [Worker-30: Building] INFO  o.a.m.s.f.DefaultMavenResourcesFiltering - skip non existing resourceDirectory C:\Users\waghm\Documents\mservices\e_server\src\test\resources
2024-01-25 11:56:15,747 [Worker-30: Building] INFO  o.a.m.s.f.DefaultMavenResourcesFiltering - Copying 2 resources
2024-01-25 11:56:15,759 [Worker-30: Building] INFO  o.a.m.s.f.DefaultMavenResourcesFiltering - Copying 0 resource
2024-01-25 11:56:15,763 [Worker-30: Building] INFO  o.a.m.s.f.DefaultMavenResourcesFiltering - skip non existing resourceDirectory C:\Users\waghm\Documents\mservices\user_service\src\test\resources
2024-01-25 12:02:08,257 [Worker-15: Loading available Gradle versions] INFO  o.e.b.c.i.u.g.PublishedGradleVersions - Gradle version information cache is up-to-date. Trying to read.
